0 info it worked if it ends with ok
1 verbose cli [ '/home/ubuntu/.nvm/v0.10.35/bin/node',
1 verbose cli   '/home/ubuntu/.nvm/v0.10.35/bin/npm',
1 verbose cli   'install',
1 verbose cli   'gulp--save' ]
2 info using npm@1.4.28
3 info using node@v0.10.35
4 verbose cache add [ 'gulp--save', null ]
5 verbose cache add name=undefined spec="gulp--save" args=["gulp--save",null]
6 verbose parsed url { protocol: null,
6 verbose parsed url   slashes: null,
6 verbose parsed url   auth: null,
6 verbose parsed url   host: null,
6 verbose parsed url   port: null,
6 verbose parsed url   hostname: null,
6 verbose parsed url   hash: null,
6 verbose parsed url   search: null,
6 verbose parsed url   query: null,
6 verbose parsed url   pathname: 'gulp--save',
6 verbose parsed url   path: 'gulp--save',
6 verbose parsed url   href: 'gulp--save' }
7 silly lockFile 634eaa88-gulp-save gulp--save
8 verbose lock gulp--save /home/ubuntu/.npm/634eaa88-gulp-save.lock
9 silly lockFile 634eaa88-gulp-save gulp--save
10 silly lockFile 634eaa88-gulp-save gulp--save
11 verbose addNamed [ 'gulp--save', '' ]
12 verbose addNamed [ null, '*' ]
13 silly lockFile 9e03604c-gulp-save gulp--save@
14 verbose lock gulp--save@ /home/ubuntu/.npm/9e03604c-gulp-save.lock
15 silly addNameRange { name: 'gulp--save', range: '*', hasData: false }
16 verbose request where is /gulp--save
17 verbose request registry https://registry.npmjs.org/
18 verbose request id 8fc419b1cf39a6e3
19 verbose url raw /gulp--save
20 verbose url resolving [ 'https://registry.npmjs.org/', './gulp--save' ]
21 verbose url resolved https://registry.npmjs.org/gulp--save
22 verbose request where is https://registry.npmjs.org/gulp--save
23 info trying registry request attempt 1 at 02:06:00
24 http GET https://registry.npmjs.org/gulp--save
25 http 404 https://registry.npmjs.org/gulp--save
26 silly registry.get cb [ 404,
26 silly registry.get   { 'content-type': 'application/json',
26 silly registry.get     'cache-control': 'max-age=0',
26 silly registry.get     'content-length': '2',
26 silly registry.get     'accept-ranges': 'bytes',
26 silly registry.get     date: 'Tue, 13 Oct 2015 02:06:00 GMT',
26 silly registry.get     via: '1.1 varnish',
26 silly registry.get     age: '0',
26 silly registry.get     connection: 'keep-alive',
26 silly registry.get     'x-served-by': 'cache-ord1735-ORD',
26 silly registry.get     'x-cache': 'MISS',
26 silly registry.get     'x-cache-hits': '0',
26 silly registry.get     'x-timer': 'S1444701960.360063,VS0,VE75' } ]
27 silly lockFile 9e03604c-gulp-save gulp--save@
28 silly lockFile 9e03604c-gulp-save gulp--save@
29 error 404 Not Found
29 error 404
29 error 404 'gulp--save' is not in the npm registry.
29 error 404 You should bug the author to publish it
29 error 404
29 error 404 Note that you can also install from a
29 error 404 tarball, folder, or http url, or git url.
30 error System Linux 3.14.13-c9
31 error command "/home/ubuntu/.nvm/v0.10.35/bin/node" "/home/ubuntu/.nvm/v0.10.35/bin/npm" "install" "gulp--save"
32 error cwd /home/ubuntu/workspace/static
33 error node -v v0.10.35
34 error npm -v 1.4.28
35 error code E404
36 verbose exit [ 1, true ]
